#
# A fatal error has been detected by the Java Runtime Environment:
#
#  EXCEPTION_ACCESS_VIOLATION (0xc0000005) at pc=0x00007ff8e9b0ec27, pid=10612, tid=11008
#
# JRE version: OpenJDK Runtime Environment (22.0+36) (build 22+36-2370)
# Java VM: OpenJDK 64-Bit Server VM (22+36-2370, mixed mode, sharing, tiered, compressed oops, compressed class ptrs, g1 gc, windows-amd64)
# Problematic frame:
# V  [jvm.dll+0x83ec27]
#
# No core dump will be written. Minidumps are not enabled by default on client versions of Windows
#
# If you would like to submit a bug report, please visit:
#   https://bugreport.java.com/bugreport/crash.jsp
#

---------------  S U M M A R Y ------------

Command Line: -Dfile.encoding=UTF-8 -Dstdout.encoding=UTF-8 -Dstderr.encoding=UTF-8 -XX:+ShowCodeDetailsInExceptionMessages net.ptidej.newjava.saferunsafe.Example1

Host: Intel(R) Core(TM) i5-7200U CPU @ 2.50GHz, 4 cores, 7G,  Windows 10 , 64 bit Build 19041 (10.0.19041.2364)
Time: Thu Sep 19 09:51:26 2024 Eastern Summer Time elapsed time: 0.188397 seconds (0d 0h 0m 0s)

---------------  T H R E A D  ---------------

Current thread (0x0000027392eb6000):  JavaThread "main"             [_thread_in_vm, id=11008, stack(0x000000b082b00000,0x000000b082c00000) (1024K)]

Stack: [0x000000b082b00000,0x000000b082c00000],  sp=0x000000b082bff3f0,  free space=1020k
Native frames: (J=compiled Java code, j=interpreted, Vv=VM code, C=native code)
V  [jvm.dll+0x83ec27]  (no source info available)
C  0x00000273a483cfc7  (no source info available)

The last pc belongs to native method entry point (kind = native) (printed below).
Java frames: (J=compiled Java code, j=interpreted, Vv=VM code)
j  jdk.internal.misc.Unsafe.putByte(Ljava/lang/Object;JB)V+0 java.base@22
j  jdk.internal.misc.Unsafe.putByte(JB)V+4 java.base@22
j  sun.misc.Unsafe.putByte(JB)V+5 jdk.unsupported@22
j  net.ptidej.newjava.saferunsafe.OffHeapArray.set(JB)V+13
j  net.ptidej.newjava.saferunsafe.Example1.main([Ljava/lang/String;)V+13
v  ~StubRoutines::call_stub 0x00000273a483100d

siginfo: EXCEPTION_ACCESS_VIOLATION (0xc0000005), writing address 0x0000000000000000


Registers:
RAX=0x000000000000002a, RBX=0x0000027392eb6000, RCX=0x0000000000000000, RDX=0x000000b082bff4f0
RSP=0x000000b082bff3f0, RBP=0x000000b082bff4b0, RSI=0x0000000000000000, RDI=0x0000000000000000
R8 =0x0000000000000000, R9 =0x0000000000000000, R10=0x00000273a483cf98, R11=0x0000000000000101
R12=0x0000000000000000, R13=0x00000273b1ba7f68, R14=0x000000b082bff4f0, R15=0x0000027392eb6000
RIP=0x00007ff8e9b0ec27, EFLAGS=0x0000000000010246


Register to memory mapping:

RAX=0x000000000000002a is an unknown value
RBX=0x0000027392eb6000 is a thread
RCX=0x0 is null
RDX=0x000000b082bff4f0 is pointing into the stack for thread: 0x0000027392eb6000
RSP=0x000000b082bff3f0 is pointing into the stack for thread: 0x0000027392eb6000
RBP=0x000000b082bff4b0 is pointing into the stack for thread: 0x0000027392eb6000
RSI=0x0 is null
RDI=0x0 is null
R8 =0x0 is null
R9 =0x0 is null
R10=0x00000273a483cf98 is at code_begin+1016 in an Interpreter codelet
native method entry point (kind = native)  [0x00000273a483cba0, 0x00000273a483d6c0]  2848 bytes
R11=0x0000000000000101 is an unknown value
R12=0x0 is null
R13=0x00000273b1ba7f68 is pointing into metadata
R14=0x000000b082bff4f0 is pointing into the stack for thread: 0x0000027392eb6000
R15=0x0000027392eb6000 is a thread

Top of Stack: (sp=0x000000b082bff3f0)
0x000000b082bff3f0:   00000273b140aaa8 00000273b140aaa8
0x000000b082bff400:   0000027392eb6000 00007ff8e96aa311
0x000000b082bff410:   00000273a4838a08 00000273a483cfc7
0x000000b082bff420:   00000273b140aaa8 00000273f201adf0
0x000000b082bff430:   00000273a4838a08 00000273a483ccb3
0x000000b082bff440:   000002730000002a 00000273f201adf0
0x000000b082bff450:   00000273a4838a08 00007ff8e99602df
0x000000b082bff460:   00000273a483cc5b fffffffffffffff7
0x000000b082bff470:   00000273b1ba7f68 0000000000000008
0x000000b082bff480:   00000273b140b300 0000000000000000
0x000000b082bff490:   0000000089d057e8 00000273b140aaa8
0x000000b082bff4a0:   0000000000000000 000000b082bff4d0
0x000000b082bff4b0:   000000b082bff540 00000273a48388c0
0x000000b082bff4c0:   0000000000000000 00000273a483a517
0x000000b082bff4d0:   000000000000002a 0000000000000000
0x000000b082bff4e0:   0000000000000000 0000000000000000
0x000000b082bff4f0:   0000000089d0d200 fffffffffffffff7
0x000000b082bff500:   00000273b1ba7ee4 0000000000000005
0x000000b082bff510:   00000273b140b300 0000000000000000
0x000000b082bff520:   0000000089d057e8 00000273b140aa50
0x000000b082bff530:   fffffffffffffff2 000000b082bff550
0x000000b082bff540:   000000b082bff5b8 00000273a48388c0
0x000000b082bff550:   000000000000002a 0000000000000000
0x000000b082bff560:   0000000000000000 0000000089d0d200
0x000000b082bff570:   fffffffffffffff7 00000273f2027515
0x000000b082bff580:   0000000000000005 00000273f202c258
0x000000b082bff590:   0000000000000000 0000000089c927e8
0x000000b082bff5a0:   00000273f2027550 fffffffffffffff3
0x000000b082bff5b0:   000000b082bff5c8 000000b082bff630
0x000000b082bff5c0:   00000273a48388c0 000000000000002a
0x000000b082bff5d0:   0000000000000000 0000000000000000
0x000000b082bff5e0:   0000000089c938d8 fffffffffffffff7 

Instructions: (pc=0x00007ff8e9b0ec27)
0x00007ff8e9b0eb27:   0f b6 c6 48 8b 74 24 38 c7 83 54 04 00 00 04 00
0x00007ff8e9b0eb37:   00 00 48 8b 5c 24 30 48 83 c4 20 5f c3 cc cc cc
0x00007ff8e9b0eb47:   cc cc cc cc cc cc cc cc cc 48 89 5c 24 08 48 89
0x00007ff8e9b0eb57:   74 24 10 57 48 83 ec 20 8b 81 b8 00 00 00 48 8d
0x00007ff8e9b0eb67:   99 40 fc ff ff 05 53 21 ff ff 49 8b f1 49 8b f8
0x00007ff8e9b0eb77:   83 f8 01 77 08 48 8b cb e8 cc 31 bb ff 80 3d b9
0x00007ff8e9b0eb87:   54 40 00 00 c7 83 54 04 00 00 06 00 00 00 75 06
0x00007ff8e9b0eb97:   e8 74 3d e9 ff 90 48 8b 83 58 04 00 00 a8 01 74
0x00007ff8e9b0eba7:   0d 45 33 c0 b2 01 48 8b cb e8 bb 78 f0 ff 8b 83
0x00007ff8e9b0ebb7:   50 04 00 00 a8 0c 74 08 48 8b cb e8 29 46 bb ff
0x00007ff8e9b0ebc7:   48 8d 8b 70 05 00 00 c7 83 54 04 00 00 06 00 00
0x00007ff8e9b0ebd7:   00 e8 73 6b b6 ff 84 c0 75 50 33 c9 48 85 ff 74
0x00007ff8e9b0ebe7:   33 48 8b c7 83 e0 03 48 83 f8 01 75 0f 48 8d 4f
0x00007ff8e9b0ebf7:   ff ff 15 f2 d2 39 00 48 8b c8 eb 18 48 83 f8 02
0x00007ff8e9b0ec07:   75 0f 48 8d 4f fe ff 15 0d 44 39 00 48 8b c8 eb
0x00007ff8e9b0ec17:   03 48 8b 0f 0f b6 44 24 50 c6 83 80 04 00 00 01
0x00007ff8e9b0ec27:   88 04 31 c6 83 80 04 00 00 00 48 8b bb 98 01 00
0x00007ff8e9b0ec37:   00 48 8b 47 10 48 83 38 00 74 08 48 8b cf e8 06
0x00007ff8e9b0ec47:   50 b6 ff 48 8b 4f 08 48 8b 47 10 48 89 41 10 48
0x00007ff8e9b0ec57:   8b 4f 08 48 8b 47 18 48 89 41 18 48 8b 4f 08 48
0x00007ff8e9b0ec67:   8b 47 20 48 89 41 20 48 8d 8b a0 03 00 00 e8 c6
0x00007ff8e9b0ec77:   9c ad ff 48 8b 74 24 38 90 c7 83 54 04 00 00 04
0x00007ff8e9b0ec87:   00 00 00 48 8b 5c 24 30 48 83 c4 20 5f c3 cc cc
0x00007ff8e9b0ec97:   cc cc cc cc cc cc cc cc cc 48 89 5c 24 08 48 89
0x00007ff8e9b0eca7:   6c 24 10 48 89 74 24 18 57 48 83 ec 20 8b 81 b8
0x00007ff8e9b0ecb7:   00 00 00 48 8d 99 40 fc ff ff 05 53 21 ff ff 49
0x00007ff8e9b0ecc7:   8b e9 49 8b f0 83 f8 01 77 08 48 8b cb e8 77 30
0x00007ff8e9b0ecd7:   bb ff 80 3d 64 53 40 00 00 c7 83 54 04 00 00 06
0x00007ff8e9b0ece7:   00 00 00 75 06 e8 1f 3c e9 ff 90 48 8b 83 58 04
0x00007ff8e9b0ecf7:   00 00 a8 01 74 0d 45 33 c0 b2 01 48 8b cb e8 66
0x00007ff8e9b0ed07:   77 f0 ff 8b 83 50 04 00 00 a8 0c 74 08 48 8b cb
0x00007ff8e9b0ed17:   e8 d4 44 bb ff 48 8d 8b 70 05 00 00 c7 83 54 04 


Stack slot to memory mapping:

stack at sp + 0 slots: {method} {0x00000273b140aab0} 'putByte' '(Ljava/lang/Object;JB)V' in 'jdk/internal/misc/Unsafe'
stack at sp + 1 slots: {method} {0x00000273b140aab0} 'putByte' '(Ljava/lang/Object;JB)V' in 'jdk/internal/misc/Unsafe'
stack at sp + 2 slots: 0x0000027392eb6000 is a thread
stack at sp + 3 slots: 0x00007ff8e96aa311 jvm.dll
stack at sp + 4 slots: 0x00000273a4838a08 is at code_begin+1608 in an Interpreter codelet
return entry points  [0x00000273a48383c0, 0x00000273a4839050]  3216 bytes
stack at sp + 5 slots: 0x00000273a483cfc7 is at code_begin+1063 in an Interpreter codelet
native method entry point (kind = native)  [0x00000273a483cba0, 0x00000273a483d6c0]  2848 bytes
stack at sp + 6 slots: {method} {0x00000273b140aab0} 'putByte' '(Ljava/lang/Object;JB)V' in 'jdk/internal/misc/Unsafe'
stack at sp + 7 slots: 0x00000273f201adf0 is pointing into metadata

native method entry point (kind = native)  [0x00000273a483cba0, 0x00000273a483d6c0]  2848 bytes
[MachCode]
  0x00000273a483cba0: 488b 4b08 | 0fb7 492e | 584c 8d74 | ccf8 6800 | 0000 0068 | 0000 0000 | 5055 488b | ec41 5568 
  0x00000273a483cbc0: 0000 0000 | 4c8b 6b08 | 4d8d 6d38 | 5348 8b53 | 0848 8b52 | 0848 8b52 | 1848 8b52 | 7048 8b12 
  0x00000273a483cbe0: 5248 8b53 | 1048 85d2 | 0f84 0700 | 0000 4881 | c210 0100 | 0052 488b | 5308 488b | 5208 488b 
  0x00000273a483cc00: 5210 5249 | 8bc6 482b | c548 c1e8 | 0350 6800 | 0000 0068 | f7ff ffff | 41c6 8781 | 0400 0001 
  0x00000273a483cc20: 488b 4310 | 4885 c074 | 208b 88cc | 0000 0083 | c102 8988 | cc00 0000 | 2388 e000 | 0000 0f84 
  0x00000273a483cc40: cb09 0000 | e9cf 0000 | 0048 8b43 | 1848 85c0 | 0f85 b000 | 0000 e805 | 0000 00e9 | 9900 0000 
  0x00000273a483cc60: 488b d348 | 8d44 2408 | 4c89 6dc0 | 498b cfc5 | f877 4989 | afb0 0300 | 0049 8987 | a003 0000 
  0x00000273a483cc80: 4883 ec20 | 40f6 c40f | 0f84 1900 | 0000 4883 | ec08 48b8 | f0a2 6ae9 | f87f 0000 | ffd0 4883 
  0x00000273a483cca0: c408 e90c | 0000 0048 | b8f0 a26a | e9f8 7f00 | 00ff d048 | 83c4 2049 | c787 a003 | 0000 0000 
  0x00000273a483ccc0: 0000 49c7 | 87b0 0300 | 0000 0000 | 0049 c787 | a803 0000 | 0000 0000 | c5f8 7749 | 837f 0800 
  0x00000273a483cce0: 0f84 0500 | 0000 e915 | 42ff ff4c | 8b6d c04c | 8b75 c84e | 8d74 f500 | c348 8b43 | 1848 85c0 
  0x00000273a483cd00: 0f84 1200 | 0000 8b48 | 0883 c102 | 8948 0823 | 481c 0f84 | f708 0000 | 493b a7f0 | 0400 000f 
  0x00000273a483cd20: 8748 0000 | 0089 8424 | 00f0 ffff | 8984 2400 | e0ff ff89 | 8424 00d0 | ffff 8984 | 2400 c0ff 
  0x00000273a483cd40: ff89 8424 | 00b0 ffff | 8984 2400 | a0ff ff89 | 8424 0090 | ffff 8984 | 2400 80ff | ff49 3ba7 
  0x00000273a483cd60: e804 0000 | 7607 4989 | a7f0 0400 | 0041 c687 | 8104 0000 | 0049 baac | 40f1 e9f8 | 7f00 0041 
  0x00000273a483cd80: 803a 000f | 843e 0000 | 0048 8b55 | e849 8bcf | 4883 ec20 | 40f6 c40f | 0f84 1900 | 0000 4883 
  0x00000273a483cda0: ec08 48b8 | 00b6 a1e9 | f87f 0000 | ffd0 4883 | c408 e90c | 0000 0048 | b800 b6a1 | e9f8 7f00 
  0x00000273a483cdc0: 00ff d048 | 83c4 2048 | 8b5d e84c | 8b5b 0845 | 0fb7 5b2e | 41c1 e303 | 492b e348 | 83ec 2048 
  0x00000273a483cde0: 83e4 f04c | 8b5b 604d | 85db 0f85 | ab00 0000 | e805 0000 | 00e9 9900 | 0000 488b | d348 8d44 
  0x00000273a483ce00: 2408 4c89 | 6dc0 498b | cfc5 f877 | 4989 afb0 | 0300 0049 | 8987 a003 | 0000 4883 | ec20 40f6 
  0x00000273a483ce20: c40f 0f84 | 1900 0000 | 4883 ec08 | 48b8 10ca | 6ae9 f87f | 0000 ffd0 | 4883 c408 | e90c 0000 
  0x00000273a483ce40: 0048 b810 | ca6a e9f8 | 7f00 00ff | d048 83c4 | 2049 c787 | a003 0000 | 0000 0000 | 49c7 87b0 
  0x00000273a483ce60: 0300 0000 | 0000 0049 | c787 a803 | 0000 0000 | 0000 c5f8 | 7749 837f | 0800 0f84 | 0500 0000 
  0x00000273a483ce80: e97b 40ff | ff4c 8b6d | c04c 8b75 | c84e 8d74 | f500 c348 | 8b5d e84c | 8b5b 6041 | ffd3 488b 
  0x00000273a483cea0: 5de8 4889 | 4518 448b | 5b28 41f6 | c308 0f84 | 1b00 0000 | 4c8b 5b08 | 4d8b 5b08 | 4d8b 5b18 
  0x00000273a483cec0: 4d8b 5b70 | 4d8b 1b4c | 895d 1048 | 8d55 1048 | 8b43 5849 | ba00 0da2 | e9f8 7f00 | 0049 3bc2 
  0x00000273a483cee0: 0f85 ab00 | 0000 e805 | 0000 00e9 | 9900 0000 | 488b d348 | 8d44 2408 | 4c89 6dc0 | 498b cfc5 
  0x00000273a483cf00: f877 4989 | afb0 0300 | 0049 8987 | a003 0000 | 4883 ec20 | 40f6 c40f | 0f84 1900 | 0000 4883 
  0x00000273a483cf20: ec08 48b8 | 10ca 6ae9 | f87f 0000 | ffd0 4883 | c408 e90c | 0000 0048 | b810 ca6a | e9f8 7f00 
  0x00000273a483cf40: 00ff d048 | 83c4 2049 | c787 a003 | 0000 0000 | 0000 49c7 | 87b0 0300 | 0000 0000 | 0049 c787 
  0x00000273a483cf60: a803 0000 | 0000 0000 | c5f8 7749 | 837f 0800 | 0f84 0500 | 0000 e985 | 3fff ff4c | 8b6d c04c 
  0x00000273a483cf80: 8b75 c84e | 8d74 f500 | c348 8b5d | e848 8b43 | 5849 8d8f | c003 0000 | c5f8 7749 | 89af b003 
  0x00000273a483cfa0: 0000 49ba | 98cf 83a4 | 7302 0000 | 4d89 97a8 | 0300 0049 | 89a7 a003 | 0000 41c7 | 8754 0400 
  0x00000273a483cfc0: 0004 0000 | 00ff d0c5 | f877 4883 | ec10 c5fb | 1104 2448 | 83ec 1048 | 8904 2448 | c744 2408 
  0x00000273a483cfe0: 0000 0000 | 41c7 8754 | 0400 0005 | 0000 00f0 | 8344 24c0 | 0049 3baf | 5804 0000 | 0f87 0e00 
  0x00000273a483d000: 0000 4183 | bf50 0400 | 0000 0f84 | 2000 0000 | 498b cf4c | 8be4 4883 | ec20 4883 | e4f0 48b8 
  0x00000273a483d020: c01f 6ce9 | f87f 0000 | ffd0 498b | e44d 33e4 | 41c7 8754 | 0400 0008 | 0000 0049 | c787 a003 
  0x00000273a483d040: 0000 0000 | 0000 49c7 | 87b0 0300 | 0000 0000 | 0049 c787 | a803 0000 | 0000 0000 | c5f8 774d 
  0x00000273a483d060: 8b9f 3004 | 0000 41c7 | 8300 0100 | 0000 0000 | 0049 bb1a | a583 a473 | 0200 004c | 3b5d 180f 
  0x00000273a483d080: 8524 0200 | 0048 8b04 | 2448 83c4 | 1048 85c0 | 0f84 fe01 | 0000 a803 | 0f85 0800 | 0000 488b 
  0x00000273a483d0a0: 00e9 ee01 | 0000 a801 | 0f85 0900 | 0000 488b | 40fe e9dd | 0100 0048 | 8b40 ff41 | 807f 3800 
  0x00000273a483d0c0: 0f84 ce01 | 0000 4883 | f800 0f84 | c401 0000 | 4d8b 5f28 | 4983 fb00 | 0f84 1400 | 0000 4983 
  0x00000273a483d0e0: eb08 4d89 | 5f28 4d03 | 5f30 4989 | 03e9 a201 | 0000 4881 | ecd0 0000 | 0048 8904 | 2448 894c 
  0x00000273a483d100: 2408 4889 | 5424 1048 | 8974 2418 | 4889 7c24 | 204c 8944 | 2428 4c89 | 4c24 304c | 8954 2438 
  0x00000273a483d120: 4c89 5c24 | 40c5 fb11 | 4424 50c5 | fb11 4c24 | 58c5 fb11 | 5424 60c5 | fb11 5c24 | 68c5 fb11 
  0x00000273a483d140: 6424 70c5 | fb11 6c24 | 78c5 fb11 | b424 8000 | 0000 c5fb | 11bc 2488 | 0000 00c5 | 7b11 8424 
  0x00000273a483d160: 9000 0000 | c57b 118c | 2498 0000 | 00c5 7b11 | 9424 a000 | 0000 c57b | 119c 24a8 | 0000 00c5 
  0x00000273a483d180: 7b11 a424 | b000 0000 | c57b 11ac | 24b8 0000 | 00c5 7b11 | b424 c000 | 0000 c57b | 11bc 24c8 
  0x00000273a483d1a0: 0000 0049 | 8bd7 488b | c848 83ec | 2040 f6c4 | 0f0f 8419 | 0000 0048 | 83ec 0848 | b830 3e5f 
  0x00000273a483d1c0: e9f8 7f00 | 00ff d048 | 83c4 08e9 | 0c00 0000 | 48b8 303e | 5fe9 f87f | 0000 ffd0 | 4883 c420 
  0x00000273a483d1e0: c57b 10bc | 24c8 0000 | 00c5 7b10 | b424 c000 | 0000 c57b | 10ac 24b8 | 0000 00c5 | 7b10 a424 
  0x00000273a483d200: b000 0000 | c57b 109c | 24a8 0000 | 00c5 7b10 | 9424 a000 | 0000 c57b | 108c 2498 | 0000 00c5 
  0x00000273a483d220: 7b10 8424 | 9000 0000 | c5fb 10bc | 2488 0000 | 00c5 fb10 | b424 8000 | 0000 c5fb | 106c 2478 
  0x00000273a483d240: c5fb 1064 | 2470 c5fb | 105c 2468 | c5fb 1054 | 2460 c5fb | 104c 2458 | c5fb 1044 | 2450 4c8b 
  0x00000273a483d260: 5c24 404c | 8b54 2438 | 4c8b 4c24 | 304c 8b44 | 2428 488b | 7c24 2048 | 8b74 2418 | 488b 5424 
  0x00000273a483d280: 1048 8b4c | 2408 488b | 0424 4881 | c4d0 0000 | 00c5 f877 | 4889 4510 | 4883 ec10 | 4889 0424 
  0x00000273a483d2a0: 48c7 4424 | 0800 0000 | 0041 83bf | d004 0000 | 020f 85bf | 0000 0048 | 81ec 8000 | 0000 4889 
  0x00000273a483d2c0: 4424 7848 | 894c 2470 | 4889 5424 | 6848 895c | 2460 4889 | 6c24 5048 | 8974 2448 | 4889 7c24 
  0x00000273a483d2e0: 404c 8944 | 2438 4c89 | 4c24 304c | 8954 2428 | 4c89 5c24 | 204c 8964 | 2418 4c89 | 6c24 104c 
  0x00000273a483d300: 8974 2408 | 4c89 3c24 | 4c8b e448 | 83ec 2048 | 83e4 f048 | b850 eea1 | e9f8 7f00 | 00ff d049 
  0x00000273a483d320: 8be4 4c8b | 3c24 4c8b | 7424 084c | 8b6c 2410 | 4c8b 6424 | 184c 8b5c | 2420 4c8b | 5424 284c 
  0x00000273a483d340: 8b4c 2430 | 4c8b 4424 | 3848 8b7c | 2440 488b | 7424 4848 | 8b6c 2450 | 488b 5c24 | 6048 8b54 
  0x00000273a483d360: 2468 488b | 4c24 7048 | 8b44 2478 | 4881 c480 | 0000 004d | 33e4 488b | 5de8 4c8b | 6b08 4d8d 
  0x00000273a483d380: 6d38 4983 | 7f08 000f | 84bb 0000 | 00e8 0500 | 0000 e996 | 0000 0048 | 8d44 2408 | 4c89 6dc0 
  0x00000273a483d3a0: 498b cfc5 | f877 4989 | afb0 0300 | 0049 8987 | a003 0000 | 4883 ec20 | 40f6 c40f | 0f84 1900 
  0x00000273a483d3c0: 0000 4883 | ec08 48b8 | 50e8 6ae9 | f87f 0000 | ffd0 4883 | c408 e90c | 0000 0048 | b850 e86a 
  0x00000273a483d3e0: e9f8 7f00 | 00ff d048 | 83c4 2049 | c787 a003 | 0000 0000 | 0000 49c7 | 87b0 0300 | 0000 0000 
  0x00000273a483d400: 0049 c787 | a803 0000 | 0000 0000 | c5f8 7749 | 837f 0800 | 0f84 0500 | 0000 e9e1 | 3aff ff4c 
  0x00000273a483d420: 8b6d c04c | 8b75 c84e | 8d74 f500 | c348 b9d0 | 28c9 e9f8 | 7f00 0048 | 83e4 f048 | b890 9590 
  0x00000273a483d440: e9f8 7f00 | 00ff d0f4 | 448b 5b28 | 41f6 c320 | 0f84 4401 | 0000 488d | 55a8 4c8b | 5a08 4d85 
  0x00000273a483d460: db0f 85bb | 0000 00e8 | 0500 0000 | e996 0000 | 0048 8d44 | 2408 4c89 | 6dc0 498b | cfc5 f877 
  0x00000273a483d480: 4989 afb0 | 0300 0049 | 8987 a003 | 0000 4883 | ec20 40f6 | c40f 0f84 | 1900 0000 | 4883 ec08 
  0x00000273a483d4a0: 48b8 80e7 | 6ae9 f87f | 0000 ffd0 | 4883 c408 | e90c 0000 | 0048 b880 | e76a e9f8 | 7f00 00ff 
  0x00000273a483d4c0: d048 83c4 | 2049 c787 | a003 0000 | 0000 0000 | 49c7 87b0 | 0300 0000 | 0000 0049 | c787 a803 
  0x00000273a483d4e0: 0000 0000 | 0000 c5f8 | 7749 837f | 0800 0f84 | 0500 0000 | e907 3aff | ff4c 8b6d | c04c 8b75 
  0x00000273a483d500: c84e 8d74 | f500 c348 | b9d0 28c9 | e9f8 7f00 | 0048 83e4 | f048 b890 | 9590 e9f8 | 7f00 00ff 
  0x00000273a483d520: d0f4 4c89 | 6dc0 488d | 024c 8b4a | 0848 c742 | 0800 0000 | 004c 8b00 | 4d85 c00f | 840b 0000 
  0x00000273a483d540: 00f0 4d0f | b101 0f85 | 0c00 0000 | 49ff 8f58 | 0500 00e9 | 3e00 0000 | 4c89 4a08 | 488b ca48 
  0x00000273a483d560: 83ec 2040 | f6c4 0f0f | 8419 0000 | 0048 83ec | 0848 b810 | ba6a e9f8 | 7f00 00ff | d048 83c4 
  0x00000273a483d580: 08e9 0c00 | 0000 48b8 | 10ba 6ae9 | f87f 0000 | ffd0 4883 | c420 4c8b | 6dc0 49ba | ac40 f1e9 
  0x00000273a483d5a0: f87f 0000 | 4180 3a00 | 0f84 3e00 | 0000 488b | 55e8 498b | cf48 83ec | 2040 f6c4 | 0f0f 8419 
  0x00000273a483d5c0: 0000 0048 | 83ec 0848 | b800 b6a1 | e9f8 7f00 | 00ff d048 | 83c4 08e9 | 0c00 0000 | 48b8 00b6 
  0x00000273a483d5e0: a1e9 f87f | 0000 ffd0 | 4883 c420 | 488b 0424 | 4883 c410 | c5fb 1004 | 2448 83c4 | 104c 8b5d 
  0x00000273a483d600: 1841 ffd3 | 4c8b 5df8 | c95f 498b | e3ff e7ba | 0000 0000 | e805 0000 | 00e9 9600 | 0000 488d 
  0x00000273a483d620: 4424 084c | 896d c049 | 8bcf c5f8 | 7749 89af | b003 0000 | 4989 87a0 | 0300 0048 | 83ec 2040 
  0x00000273a483d640: f6c4 0f0f | 8419 0000 | 0048 83ec | 0848 b8d0 | ad6a e9f8 | 7f00 00ff | d048 83c4 | 08e9 0c00 
  0x00000273a483d660: 0000 48b8 | d0ad 6ae9 | f87f 0000 | ffd0 4883 | c420 49c7 | 87a0 0300 | 0000 0000 | 0049 c787 
  0x00000273a483d680: b003 0000 | 0000 0000 | 49c7 87a8 | 0300 0000 | 0000 00c5 | f877 4983 | 7f08 000f | 8405 0000 
  0x00000273a483d6a0: 00e9 5a38 | ffff 4c8b | 6dc0 4c8b | 75c8 4e8d | 74f5 00c3 | 488b 5de8 | e95b f6ff | ff66 6690 
[/MachCode]

---------------  P R O C E S S  ---------------

Threads class SMR info:
_java_thread_list=0x00000273f6214c90, length=11, elements={
0x0000027392eb6000, 0x00000273b0fa06d0, 0x00000273b0fa1160, 0x00000273b0fa1a50,
0x00000273b0fa20c0, 0x00000273b0fa8750, 0x00000273b0fa8dc0, 0x00000273b0fab770,
0x00000273f6128d90, 0x00000273f623b4e0, 0x00000273f623f390
}

Java Threads: ( => current thread )
=>0x0000027392eb6000 JavaThread "main"                              [_thread_in_vm, id=11008, stack(0x000000b082b00000,0x000000b082c00000) (1024K)]
  0x00000273b0fa06d0 JavaThread "Reference Handler"          daemon [_thread_blocked, id=21264, stack(0x000000b083300000,0x000000b083400000) (1024K)]
  0x00000273b0fa1160 JavaThread "Finalizer"                  daemon [_thread_blocked, id=17516, stack(0x000000b083400000,0x000000b083500000) (1024K)]
  0x00000273b0fa1a50 JavaThread "Signal Dispatcher"          daemon [_thread_blocked, id=6384, stack(0x000000b083500000,0x000000b083600000) (1024K)]
  0x00000273b0fa20c0 JavaThread "Attach Listener"            daemon [_thread_blocked, id=15972, stack(0x000000b083600000,0x000000b083700000) (1024K)]
  0x00000273b0fa8750 JavaThread "Service Thread"             daemon [_thread_blocked, id=19800, stack(0x000000b083700000,0x000000b083800000) (1024K)]
  0x00000273b0fa8dc0 JavaThread "Monitor Deflation Thread"   daemon [_thread_blocked, id=27108, stack(0x000000b083800000,0x000000b083900000) (1024K)]
  0x00000273b0fab770 JavaThread "C2 CompilerThread0"         daemon [_thread_blocked, id=27564, stack(0x000000b083900000,0x000000b083a00000) (1024K)]
  0x00000273f6128d90 JavaThread "C1 CompilerThread0"         daemon [_thread_blocked, id=10892, stack(0x000000b083a00000,0x000000b083b00000) (1024K)]
  0x00000273f623b4e0 JavaThread "Notification Thread"        daemon [_thread_blocked, id=4396, stack(0x000000b083b00000,0x000000b083c00000) (1024K)]
  0x00000273f623f390 JavaThread "Common-Cleaner"             daemon [_thread_blocked, id=14372, stack(0x000000b083c00000,0x000000b083d00000) (1024K)]
Total: 11

Other Threads:
  0x00000273b0f7fc50 VMThread "VM Thread"                           [id=2372, stack(0x000000b083200000,0x000000b083300000) (1024K)]
  0x00000273b0f6bed0 WatcherThread "VM Periodic Task Thread"        [id=11016, stack(0x000000b083100000,0x000000b083200000) (1024K)]
  0x000002739500f810 WorkerThread "GC Thread#0"                     [id=25296, stack(0x000000b082c00000,0x000000b082d00000) (1024K)]
  0x00000273950205f0 ConcurrentGCThread "G1 Main Marker"            [id=4600, stack(0x000000b082d00000,0x000000b082e00000) (1024K)]
  0x00000273950218a0 WorkerThread "G1 Conc#0"                       [id=14604, stack(0x000000b082e00000,0x000000b082f00000) (1024K)]
  0x00000273b0e2fef0 ConcurrentGCThread "G1 Refine#0"               [id=12540, stack(0x000000b082f00000,0x000000b083000000) (1024K)]
  0x00000273b0e324b0 ConcurrentGCThread "G1 Service"                [id=9248, stack(0x000000b083000000,0x000000b083100000) (1024K)]
Total: 7

Threads with active compile tasks:
Total: 0

VM state: not at safepoint (normal execution)

VM Mutex/Monitor currently owned by a thread: None

Heap address: 0x0000000081e00000, size: 2018 MB, Compressed Oops mode: 32-bit

CDS archive(s) mapped at: [0x00000273b1000000-0x00000273b1c50000-0x00000273b1c50000), size 12910592, SharedBaseAddress: 0x00000273b1000000, ArchiveRelocationMode: 1.
Compressed class space mapped at: 0x00000273b2000000-0x00000273f2000000, reserved size: 1073741824
Narrow klass base: 0x00000273b1000000, Narrow klass shift: 0, Narrow klass range: 0x41000000

GC Precious Log:
 CardTable entry size: 512
 Card Set container configuration: InlinePtr #cards 5 size 8 Array Of Cards #cards 12 size 40 Howl #buckets 4 coarsen threshold 1843 Howl Bitmap #cards 512 size 80 coarsen threshold 460 Card regions per heap region 1 cards per card region 2048
 CPUs: 4 total, 4 available
 Memory: 8067M
 Large Page Support: Disabled
 NUMA Support: Disabled
 Compressed Oops: Enabled (32-bit)
 Heap Region Size: 1M
 Heap Min Capacity: 8M
 Heap Initial Capacity: 128M
 Heap Max Capacity: 2018M
 Pre-touch: Disabled
 Parallel Workers: 4
 Concurrent Workers: 1
 Concurrent Refinement Workers: 4
 Periodic GC: Disabled

Heap:
 garbage-first heap   total reserved 2066432K, committed 131072K, used 1024K [0x0000000081e00000, 0x0000000100000000)
  region size 1024K, 2 young (2048K), 0 survivors (0K)
 Metaspace       used 219K, committed 448K, reserved 1114112K
  class space    used 8K, committed 128K, reserved 1048576K

Heap Regions: E=young(eden), S=young(survivor), O=old, HS=humongous(starts), HC=humongous(continues), CS=collection set, F=free, TAMS=top-at-mark-start, PB=parsable bottom
|   0|0x0000000081e00000, 0x0000000081e00000, 0x0000000081f00000|  0%| F|  |TAMS 0x0000000081e00000| PB 0x0000000081e00000| Untracked |  0
|   1|0x0000000081f00000, 0x0000000081f00000, 0x0000000082000000|  0%| F|  |TAMS 0x0000000081f00000| PB 0x0000000081f00000| Untracked |  0
|   2|0x0000000082000000, 0x0000000082000000, 0x0000000082100000|  0%| F|  |TAMS 0x0000000082000000| PB 0x0000000082000000| Untracked |  0
|   3|0x0000000082100000, 0x0000000082100000, 0x0000000082200000|  0%| F|  |TAMS 0x0000000082100000| PB 0x0000000082100000| Untracked |  0
|   4|0x0000000082200000, 0x0000000082200000, 0x0000000082300000|  0%| F|  |TAMS 0x0000000082200000| PB 0x0000000082200000| Untracked |  0
|   5|0x0000000082300000, 0x0000000082300000, 0x0000000082400000|  0%| F|  |TAMS 0x0000000082300000| PB 0x0000000082300000| Untracked |  0
|   6|0x0000000082400000, 0x0000000082400000, 0x0000000082500000|  0%| F|  |TAMS 0x0000000082400000| PB 0x0000000082400000| Untracked |  0
|   7|0x0000000082500000, 0x0000000082500000, 0x0000000082600000|  0%| F|  |TAMS 0x0000000082500000| PB 0x0000000082500000| Untracked |  0
|   8|0x0000000082600000, 0x0000000082600000, 0x0000000082700000|  0%| F|  |TAMS 0x0000000082600000| PB 0x0000000082600000| Untracked |  0
|   9|0x0000000082700000, 0x0000000082700000, 0x0000000082800000|  0%| F|  |TAMS 0x0000000082700000| PB 0x0000000082700000| Untracked |  0
|  10|0x0000000082800000, 0x0000000082800000, 0x0000000082900000|  0%| F|  |TAMS 0x0000000082800000| PB 0x0000000082800000| Untracked |  0
|  11|0x0000000082900000, 0x0000000082900000, 0x0000000082a00000|  0%| F|  |TAMS 0x0000000082900000| PB 0x0000000082900000| Untracked |  0
|  12|0x0000000082a00000, 0x0000000082a00000, 0x0000000082b00000|  0%| F|  |TAMS 0x0000000082a00000| PB 0x0000000082a00000| Untracked |  0
|  13|0x0000000082b00000, 0x0000000082b00000, 0x0000000082c00000|  0%| F|  |TAMS 0x0000000082b00000| PB 0x0000000082b00000| Untracked |  0
|  14|0x0000000082c00000, 0x0000000082c00000, 0x0000000082d00000|  0%| F|  |TAMS 0x0000000082c00000| PB 0x0000000082c00000| Untracked |  0
|  15|0x0000000082d00000, 0x0000000082d00000, 0x0000000082e00000|  0%| F|  |TAMS 0x0000000082d00000| PB 0x0000000082d00000| Untracked |  0
|  16|0x0000000082e00000, 0x0000000082e00000, 0x0000000082f00000|  0%| F|  |TAMS 0x0000000082e00000| PB 0x0000000082e00000| Untracked |  0
|  17|0x0000000082f00000, 0x0000000082f00000, 0x0000000083000000|  0%| F|  |TAMS 0x0000000082f00000| PB 0x0000000082f00000| Untracked |  0
|  18|0x0000000083000000, 0x0000000083000000, 0x0000000083100000|  0%| F|  |TAMS 0x0000000083000000| PB 0x0000000083000000| Untracked |  0
|  19|0x0000000083100000, 0x0000000083100000, 0x0000000083200000|  0%| F|  |TAMS 0x0000000083100000| PB 0x0000000083100000| Untracked |  0
|  20|0x0000000083200000, 0x0000000083200000, 0x0000000083300000|  0%| F|  |TAMS 0x0000000083200000| PB 0x0000000083200000| Untracked |  0
|  21|0x0000000083300000, 0x0000000083300000, 0x0000000083400000|  0%| F|  |TAMS 0x0000000083300000| PB 0x0000000083300000| Untracked |  0
|  22|0x0000000083400000, 0x0000000083400000, 0x0000000083500000|  0%| F|  |TAMS 0x0000000083400000| PB 0x0000000083400000| Untracked |  0
|  23|0x0000000083500000, 0x0000000083500000, 0x0000000083600000|  0%| F|  |TAMS 0x0000000083500000| PB 0x0000000083500000| Untracked |  0
|  24|0x0000000083600000, 0x0000000083600000, 0x0000000083700000|  0%| F|  |TAMS 0x0000000083600000| PB 0x0000000083600000| Untracked |  0
|  25|0x0000000083700000, 0x0000000083700000, 0x0000000083800000|  0%| F|  |TAMS 0x0000000083700000| PB 0x0000000083700000| Untracked |  0
|  26|0x0000000083800000, 0x0000000083800000, 0x0000000083900000|  0%| F|  |TAMS 0x0000000083800000| PB 0x0000000083800000| Untracked |  0
|  27|0x0000000083900000, 0x0000000083900000, 0x0000000083a00000|  0%| F|  |TAMS 0x0000000083900000| PB 0x0000000083900000| Untracked |  0
|  28|0x0000000083a00000, 0x0000000083a00000, 0x0000000083b00000|  0%| F|  |TAMS 0x0000000083a00000| PB 0x0000000083a00000| Untracked |  0
|  29|0x0000000083b00000, 0x0000000083b00000, 0x0000000083c00000|  0%| F|  |TAMS 0x0000000083b00000| PB 0x0000000083b00000| Untracked |  0
|  30|0x0000000083c00000, 0x0000000083c00000, 0x0000000083d00000|  0%| F|  |TAMS 0x0000000083c00000| PB 0x0000000083c00000| Untracked |  0
|  31|0x0000000083d00000, 0x0000000083d00000, 0x0000000083e00000|  0%| F|  |TAMS 0x0000000083d00000| PB 0x0000000083d00000| Untracked |  0
|  32|0x0000000083e00000, 0x0000000083e00000, 0x0000000083f00000|  0%| F|  |TAMS 0x0000000083e00000| PB 0x0000000083e00000| Untracked |  0
|  33|0x0000000083f00000, 0x0000000083f00000, 0x0000000084000000|  0%| F|  |TAMS 0x0000000083f00000| PB 0x0000000083f00000| Untracked |  0
|  34|0x0000000084000000, 0x0000000084000000, 0x0000000084100000|  0%| F|  |TAMS 0x0000000084000000| PB 0x0000000084000000| Untracked |  0
|  35|0x0000000084100000, 0x0000000084100000, 0x0000000084200000|  0%| F|  |TAMS 0x0000000084100000| PB 0x0000000084100000| Untracked |  0
|  36|0x0000000084200000, 0x0000000084200000, 0x0000000084300000|  0%| F|  |TAMS 0x0000000084200000| PB 0x0000000084200000| Untracked |  0
|  37|0x0000000084300000, 0x0000000084300000, 0x0000000084400000|  0%| F|  |TAMS 0x0000000084300000| PB 0x0000000084300000| Untracked |  0
|  38|0x0000000084400000, 0x0000000084400000, 0x0000000084500000|  0%| F|  |TAMS 0x0000000084400000| PB 0x0000000084400000| Untracked |  0
|  39|0x0000000084500000, 0x0000000084500000, 0x0000000084600000|  0%| F|  |TAMS 0x0000000084500000| PB 0x0000000084500000| Untracked |  0
|  40|0x0000000084600000, 0x0000000084600000, 0x0000000084700000|  0%| F|  |TAMS 0x0000000084600000| PB 0x0000000084600000| Untracked |  0
|  41|0x0000000084700000, 0x0000000084700000, 0x0000000084800000|  0%| F|  |TAMS 0x0000000084700000| PB 0x0000000084700000| Untracked |  0
|  42|0x0000000084800000, 0x0000000084800000, 0x0000000084900000|  0%| F|  |TAMS 0x0000000084800000| PB 0x0000000084800000| Untracked |  0
|  43|0x0000000084900000, 0x0000000084900000, 0x0000000084a00000|  0%| F|  |TAMS 0x0000000084900000| PB 0x0000000084900000| Untracked |  0
|  44|0x0000000084a00000, 0x0000000084a00000, 0x0000000084b00000|  0%| F|  |TAMS 0x0000000084a00000| PB 0x0000000084a00000| Untracked |  0
|  45|0x0000000084b00000, 0x0000000084b00000, 0x0000000084c00000|  0%| F|  |TAMS 0x0000000084b00000| PB 0x0000000084b00000| Untracked |  0
|  46|0x0000000084c00000, 0x0000000084c00000, 0x0000000084d00000|  0%| F|  |TAMS 0x0000000084c00000| PB 0x0000000084c00000| Untracked |  0
|  47|0x0000000084d00000, 0x0000000084d00000, 0x0000000084e00000|  0%| F|  |TAMS 0x0000000084d00000| PB 0x0000000084d00000| Untracked |  0
|  48|0x0000000084e00000, 0x0000000084e00000, 0x0000000084f00000|  0%| F|  |TAMS 0x0000000084e00000| PB 0x0000000084e00000| Untracked |  0
|  49|0x0000000084f00000, 0x0000000084f00000, 0x0000000085000000|  0%| F|  |TAMS 0x0000000084f00000| PB 0x0000000084f00000| Untracked |  0
|  50|0x0000000085000000, 0x0000000085000000, 0x0000000085100000|  0%| F|  |TAMS 0x0000000085000000| PB 0x0000000085000000| Untracked |  0
|  51|0x0000000085100000, 0x0000000085100000, 0x0000000085200000|  0%| F|  |TAMS 0x0000000085100000| PB 0x0000000085100000| Untracked |  0
|  52|0x0000000085200000, 0x0000000085200000, 0x0000000085300000|  0%| F|  |TAMS 0x0000000085200000| PB 0x0000000085200000| Untracked |  0
|  53|0x0000000085300000, 0x0000000085300000, 0x0000000085400000|  0%| F|  |TAMS 0x0000000085300000| PB 0x0000000085300000| Untracked |  0
|  54|0x0000000085400000, 0x0000000085400000, 0x0000000085500000|  0%| F|  |TAMS 0x0000000085400000| PB 0x0000000085400000| Untracked |  0
|  55|0x0000000085500000, 0x0000000085500000, 0x0000000085600000|  0%| F|  |TAMS 0x0000000085500000| PB 0x0000000085500000| Untracked |  0
|  56|0x0000000085600000, 0x0000000085600000, 0x0000000085700000|  0%| F|  |TAMS 0x0000000085600000| PB 0x0000000085600000| Untracked |  0
|  57|0x0000000085700000, 0x0000000085700000, 0x0000000085800000|  0%| F|  |TAMS 0x0000000085700000| PB 0x0000000085700000| Untracked |  0
|  58|0x0000000085800000, 0x0000000085800000, 0x0000000085900000|  0%| F|  |TAMS 0x0000000085800000| PB 0x0000000085800000| Untracked |  0
|  59|0x0000000085900000, 0x0000000085900000, 0x0000000085a00000|  0%| F|  |TAMS 0x0000000085900000| PB 0x0000000085900000| Untracked |  0
|  60|0x0000000085a00000, 0x0000000085a00000, 0x0000000085b00000|  0%| F|  |TAMS 0x0000000085a00000| PB 0x0000000085a00000| Untracked |  0
|  61|0x0000000085b00000, 0x0000000085b00000, 0x0000000085c00000|  0%| F|  |TAMS 0x0000000085b00000| PB 0x0000000085b00000| Untracked |  0
|  62|0x0000000085c00000, 0x0000000085c00000, 0x0000000085d00000|  0%| F|  |TAMS 0x0000000085c00000| PB 0x0000000085c00000| Untracked |  0
|  63|0x0000000085d00000, 0x0000000085d00000, 0x0000000085e00000|  0%| F|  |TAMS 0x0000000085d00000| PB 0x0000000085d00000| Untracked |  0
|  64|0x0000000085e00000, 0x0000000085e00000, 0x0000000085f00000|  0%| F|  |TAMS 0x0000000085e00000| PB 0x0000000085e00000| Untracked |  0
|  65|0x0000000085f00000, 0x0000000085f00000, 0x0000000086000000|  0%| F|  |TAMS 0x0000000085f00000| PB 0x0000000085f00000| Untracked |  0
|  66|0x0000000086000000, 0x0000000086000000, 0x0000000086100000|  0%| F|  |TAMS 0x0000000086000000| PB 0x0000000086000000| Untracked |  0
|  67|0x0000000086100000, 0x0000000086100000, 0x0000000086200000|  0%| F|  |TAMS 0x0000000086100000| PB 0x0000000086100000| Untracked |  0
|  68|0x0000000086200000, 0x0000000086200000, 0x0000000086300000|  0%| F|  |TAMS 0x0000000086200000| PB 0x0000000086200000| Untracked |  0
|  69|0x0000000086300000, 0x0000000086300000, 0x0000000086400000|  0%| F|  |TAMS 0x0000000086300000| PB 0x0000000086300000| Untracked |  0
|  70|0x0000000086400000, 0x0000000086400000, 0x0000000086500000|  0%| F|  |TAMS 0x0000000086400000| PB 0x0000000086400000| Untracked |  0
|  71|0x0000000086500000, 0x0000000086500000, 0x0000000086600000|  0%| F|  |TAMS 0x0000000086500000| PB 0x0000000086500000| Untracked |  0
|  72|0x0000000086600000, 0x0000000086600000, 0x0000000086700000|  0%| F|  |TAMS 0x0000000086600000| PB 0x0000000086600000| Untracked |  0
|  73|0x0000000086700000, 0x0000000086700000, 0x0000000086800000|  0%| F|  |TAMS 0x0000000086700000| PB 0x0000000086700000| Untracked |  0
|  74|0x0000000086800000, 0x0000000086800000, 0x0000000086900000|  0%| F|  |TAMS 0x0000000086800000| PB 0x0000000086800000| Untracked |  0
|  75|0x0000000086900000, 0x0000000086900000, 0x0000000086a00000|  0%| F|  |TAMS 0x0000000086900000| PB 0x0000000086900000| Untracked |  0
|  76|0x0000000086a00000, 0x0000000086a00000, 0x0000000086b00000|  0%| F|  |TAMS 0x0000000086a00000| PB 0x0000000086a00000| Untracked |  0
|  77|0x0000000086b00000, 0x0000000086b00000, 0x0000000086c00000|  0%| F|  |TAMS 0x0000000086b00000| PB 0x0000000086b00000| Untracked |  0
|  78|0x0000000086c00000, 0x0000000086c00000, 0x0000000086d00000|  0%| F|  |TAMS 0x0000000086c00000| PB 0x0000000086c00000| Untracked |  0
|  79|0x0000000086d00000, 0x0000000086d00000, 0x0000000086e00000|  0%| F|  |TAMS 0x0000000086d00000| PB 0x0000000086d00000| Untracked |  0
|  80|0x0000000086e00000, 0x0000000086e00000, 0x0000000086f00000|  0%| F|  |TAMS 0x0000000086e00000| PB 0x0000000086e00000| Untracked |  0
|  81|0x0000000086f00000, 0x0000000086f00000, 0x0000000087000000|  0%| F|  |TAMS 0x0000000086f00000| PB 0x0000000086f00000| Untracked |  0
|  82|0x0000000087000000, 0x0000000087000000, 0x0000000087100000|  0%| F|  |TAMS 0x0000000087000000| PB 0x0000000087000000| Untracked |  0
|  83|0x0000000087100000, 0x0000000087100000, 0x0000000087200000|  0%| F|  |TAMS 0x0000000087100000| PB 0x0000000087100000| Untracked |  0
|  84|0x0000000087200000, 0x0000000087200000, 0x0000000087300000|  0%| F|  |TAMS 0x0000000087200000| PB 0x0000000087200000| Untracked |  0
|  85|0x0000000087300000, 0x0000000087300000, 0x0000000087400000|  0%| F|  |TAMS 0x0000000087300000| PB 0x0000000087300000| Untracked |  0
|  86|0x0000000087400000, 0x0000000087400000, 0x0000000087500000|  0%| F|  |TAMS 0x0000000087400000| PB 0x0000000087400000| Untracked |  0
|  87|0x0000000087500000, 0x0000000087500000, 0x0000000087600000|  0%| F|  |TAMS 0x0000000087500000| PB 0x0000000087500000| Untracked |  0
|  88|0x0000000087600000, 0x0000000087600000, 0x0000000087700000|  0%| F|  |TAMS 0x0000000087600000| PB 0x0000000087600000| Untracked |  0
|  89|0x0000000087700000, 0x0000000087700000, 0x0000000087800000|  0%| F|  |TAMS 0x0000000087700000| PB 0x0000000087700000| Untracked |  0
|  90|0x0000000087800000, 0x0000000087800000, 0x0000000087900000|  0%| F|  |TAMS 0x0000000087800000| PB 0x0000000087800000| Untracked |  0
|  91|0x0000000087900000, 0x0000000087900000, 0x0000000087a00000|  0%| F|  |TAMS 0x0000000087900000| PB 0x0000000087900000| Untracked |  0
|  92|0x0000000087a00000, 0x0000000087a00000, 0x0000000087b00000|  0%| F|  |TAMS 0x0000000087a00000| PB 0x0000000087a00000| Untracked |  0
|  93|0x0000000087b00000, 0x0000000087b00000, 0x0000000087c00000|  0%| F|  |TAMS 0x0000000087b00000| PB 0x0000000087b00000| Untracked |  0
|  94|0x0000000087c00000, 0x0000000087c00000, 0x0000000087d00000|  0%| F|  |TAMS 0x0000000087c00000| PB 0x0000000087c00000| Untracked |  0
|  95|0x0000000087d00000, 0x0000000087d00000, 0x0000000087e00000|  0%| F|  |TAMS 0x0000000087d00000| PB 0x0000000087d00000| Untracked |  0
|  96|0x0000000087e00000, 0x0000000087e00000, 0x0000000087f00000|  0%| F|  |TAMS 0x0000000087e00000| PB 0x0000000087e00000| Untracked |  0
|  97|0x0000000087f00000, 0x0000000087f00000, 0x0000000088000000|  0%| F|  |TAMS 0x0000000087f00000| PB 0x0000000087f00000| Untracked |  0
|  98|0x0000000088000000, 0x0000000088000000, 0x0000000088100000|  0%| F|  |TAMS 0x0000000088000000| PB 0x0000000088000000| Untracked |  0
|  99|0x0000000088100000, 0x0000000088100000, 0x0000000088200000|  0%| F|  |TAMS 0x0000000088100000| PB 0x0000000088100000| Untracked |  0
| 100|0x0000000088200000, 0x0000000088200000, 0x0000000088300000|  0%| F|  |TAMS 0x0000000088200000| PB 0x0000000088200000| Untracked |  0
| 101|0x0000000088300000, 0x0000000088300000, 0x0000000088400000|  0%| F|  |TAMS 0x0000000088300000| PB 0x0000000088300000| Untracked |  0
| 102|0x0000000088400000, 0x0000000088400000, 0x0000000088500000|  0%| F|  |TAMS 0x0000000088400000| PB 0x0000000088400000| Untracked |  0
| 103|0x0000000088500000, 0x0000000088500000, 0x0000000088600000|  0%| F|  |TAMS 0x0000000088500000| PB 0x0000000088500000| Untracked |  0
| 104|0x0000000088600000, 0x0000000088600000, 0x0000000088700000|  0%| F|  |TAMS 0x0000000088600000| PB 0x0000000088600000| Untracked |  0
| 105|0x0000000088700000, 0x0000000088700000, 0x0000000088800000|  0%| F|  |TAMS 0x0000000088700000| PB 0x0000000088700000| Untracked |  0
| 106|0x0000000088800000, 0x0000000088800000, 0x0000000088900000|  0%| F|  |TAMS 0x0000000088800000| PB 0x0000000088800000| Untracked |  0
| 107|0x0000000088900000, 0x0000000088900000, 0x0000000088a00000|  0%| F|  |TAMS 0x0000000088900000| PB 0x0000000088900000| Untracked |  0
| 108|0x0000000088a00000, 0x0000000088a00000, 0x0000000088b00000|  0%| F|  |TAMS 0x0000000088a00000| PB 0x0000000088a00000| Untracked |  0
| 109|0x0000000088b00000, 0x0000000088b00000, 0x0000000088c00000|  0%| F|  |TAMS 0x0000000088b00000| PB 0x0000000088b00000| Untracked |  0
| 110|0x0000000088c00000, 0x0000000088c00000, 0x0000000088d00000|  0%| F|  |TAMS 0x0000000088c00000| PB 0x0000000088c00000| Untracked |  0
| 111|0x0000000088d00000, 0x0000000088d00000, 0x0000000088e00000|  0%| F|  |TAMS 0x0000000088d00000| PB 0x0000000088d00000| Untracked |  0
| 112|0x0000000088e00000, 0x0000000088e00000, 0x0000000088f00000|  0%| F|  |TAMS 0x0000000088e00000| PB 0x0000000088e00000| Untracked |  0
| 113|0x0000000088f00000, 0x0000000088f00000, 0x0000000089000000|  0%| F|  |TAMS 0x0000000088f00000| PB 0x0000000088f00000| Untracked |  0
| 114|0x0000000089000000, 0x0000000089000000, 0x0000000089100000|  0%| F|  |TAMS 0x0000000089000000| PB 0x0000000089000000| Untracked |  0
| 115|0x0000000089100000, 0x0000000089100000, 0x0000000089200000|  0%| F|  |TAMS 0x0000000089100000| PB 0x0000000089100000| Untracked |  0
| 116|0x0000000089200000, 0x0000000089200000, 0x0000000089300000|  0%| F|  |TAMS 0x0000000089200000| PB 0x0000000089200000| Untracked |  0
| 117|0x0000000089300000, 0x0000000089300000, 0x0000000089400000|  0%| F|  |TAMS 0x0000000089300000| PB 0x0000000089300000| Untracked |  0
| 118|0x0000000089400000, 0x0000000089400000, 0x0000000089500000|  0%| F|  |TAMS 0x0000000089400000| PB 0x0000000089400000| Untracked |  0
| 119|0x0000000089500000, 0x0000000089500000, 0x0000000089600000|  0%| F|  |TAMS 0x0000000089500000| PB 0x0000000089500000| Untracked |  0
| 120|0x0000000089600000, 0x0000000089600000, 0x0000000089700000|  0%| F|  |TAMS 0x0000000089600000| PB 0x0000000089600000| Untracked |  0
| 121|0x0000000089700000, 0x0000000089700000, 0x0000000089800000|  0%| F|  |TAMS 0x0000000089700000| PB 0x0000000089700000| Untracked |  0
| 122|0x0000000089800000, 0x0000000089800000, 0x0000000089900000|  0%| F|  |TAMS 0x0000000089800000| PB 0x0000000089800000| Untracked |  0
| 123|0x0000000089900000, 0x0000000089900000, 0x0000000089a00000|  0%| F|  |TAMS 0x0000000089900000| PB 0x0000000089900000| Untracked |  0
| 124|0x0000000089a00000, 0x0000000089a00000, 0x0000000089b00000|  0%| F|  |TAMS 0x0000000089a00000| PB 0x0000000089a00000| Untracked |  0
| 125|0x0000000089b00000, 0x0000000089b00000, 0x0000000089c00000|  0%| F|  |TAMS 0x0000000089b00000| PB 0x0000000089b00000| Untracked |  0
| 126|0x0000000089c00000, 0x0000000089cd71f8, 0x0000000089d00000| 84%| E|  |TAMS 0x0000000089c00000| PB 0x0000000089c00000| Complete |  0
| 127|0x0000000089d00000, 0x0000000089e00000, 0x0000000089e00000|100%| E|CS|TAMS 0x0000000089d00000| PB 0x0000000089d00000| Complete |  0

Card table byte_map: [0x00000273ac700000,0x00000273acb00000] _byte_map_base: 0x00000273ac2f1000

Marking Bits: (CMBitMap*) 0x000002739500ff20
 Bits: [0x00000273acb00000, 0x00000273aea88000)

Polling page: 0x0000027394780000

Metaspace:

Usage:
  Non-class:    210.77 KB used.
      Class:      8.82 KB used.
       Both:    219.59 KB used.

Virtual space:
  Non-class space:       64.00 MB reserved,     320.00 KB ( <1%) committed,  1 nodes.
      Class space:        1.00 GB reserved,     128.00 KB ( <1%) committed,  1 nodes.
             Both:        1.06 GB reserved,     448.00 KB ( <1%) committed. 

Chunk freelists:
   Non-Class:  11.99 MB
       Class:  15.75 MB
        Both:  27.74 MB

MaxMetaspaceSize: unlimited
CompressedClassSpaceSize: 1.00 GB
Initial GC threshold: 21.00 MB
Current GC threshold: 21.00 MB
CDS: on
 - commit_granule_bytes: 65536.
 - commit_granule_words: 8192.
 - virtual_space_node_default_size: 8388608.
 - enlarge_chunks_in_place: 1.
 - use_allocation_guard: 0.


Internal statistics:

num_allocs_failed_limit: 0.
num_arena_births: 6.
num_arena_deaths: 0.
num_vsnodes_births: 2.
num_vsnodes_deaths: 0.
num_space_committed: 7.
num_space_uncommitted: 0.
num_chunks_returned_to_freelist: 0.
num_chunks_taken_from_freelist: 7.
num_chunk_merges: 0.
num_chunk_splits: 4.
num_chunks_enlarged: 1.
num_inconsistent_stats: 0.

CodeHeap 'non-profiled nmethods': size=120000Kb used=15Kb max_used=15Kb free=119984Kb
 bounds [0x00000273a4dd0000, 0x00000273a5040000, 0x00000273ac300000]
CodeHeap 'profiled nmethods': size=120000Kb used=86Kb max_used=86Kb free=119913Kb
 bounds [0x000002739d300000, 0x000002739d570000, 0x00000273a4830000]
CodeHeap 'non-nmethods': size=5760Kb used=1247Kb max_used=1247Kb free=4512Kb
 bounds [0x00000273a4830000, 0x00000273a4aa0000, 0x00000273a4dd0000]
 total_blobs=438 nmethods=71 adapters=272
 compilation: enabled
              stopped_count=0, restarted_count=0
 full_count=0

Compilation events (20 events):
Event: 0.151 Thread 0x00000273f6128d90   57       1       java.lang.module.ModuleDescriptor::isAutomatic (5 bytes)
Event: 0.152 Thread 0x00000273f6128d90 nmethod 57 0x00000273a4dd2990 code [0x00000273a4dd2b20, 0x00000273a4dd2bf0]
Event: 0.152 Thread 0x00000273f6128d90   39       3       java.util.ImmutableCollections$MapN::get (35 bytes)
Event: 0.152 Thread 0x00000273f6128d90 nmethod 39 0x000002739d314390 code [0x000002739d314580, 0x000002739d314920]
Event: 0.152 Thread 0x00000273f6128d90   61       1       java.lang.module.ModuleDescriptor$Exports::targets (5 bytes)
Event: 0.152 Thread 0x00000273f6128d90 nmethod 61 0x00000273a4dd2c90 code [0x00000273a4dd2e20, 0x00000273a4dd2ee8]
Event: 0.152 Thread 0x00000273f6128d90   62       1       java.lang.module.ResolvedModule::configuration (5 bytes)
Event: 0.152 Thread 0x00000273f6128d90 nmethod 62 0x00000273a4dd2f90 code [0x00000273a4dd3120, 0x00000273a4dd31e8]
Event: 0.152 Thread 0x00000273f6128d90   55       1       java.lang.module.ModuleDescriptor$Exports::source (5 bytes)
Event: 0.152 Thread 0x00000273f6128d90 nmethod 55 0x00000273a4dd3290 code [0x00000273a4dd3420, 0x00000273a4dd34e8]
Event: 0.153 Thread 0x00000273f6128d90   65       3       java.lang.Math::min (11 bytes)
Event: 0.153 Thread 0x00000273f6128d90 nmethod 65 0x000002739d314a90 code [0x000002739d314c20, 0x000002739d314d58]
Event: 0.153 Thread 0x00000273f6128d90   66       3       java.lang.AbstractStringBuilder::ensureCapacityInternal (39 bytes)
Event: 0.154 Thread 0x00000273f6128d90 nmethod 66 0x000002739d314e10 code [0x000002739d314fc0, 0x000002739d3151e8]
Event: 0.154 Thread 0x00000273f6128d90   67       3       java.lang.AbstractStringBuilder::isLatin1 (19 bytes)
Event: 0.154 Thread 0x00000273f6128d90 nmethod 67 0x000002739d315310 code [0x000002739d3154a0, 0x000002739d315610]
Event: 0.158 Thread 0x00000273f6128d90   68       3       java.lang.String::isEmpty (14 bytes)
Event: 0.158 Thread 0x00000273f6128d90 nmethod 68 0x000002739d315690 code [0x000002739d315820, 0x000002739d315988]
Event: 0.168 Thread 0x00000273f6128d90   71       1       java.lang.module.ModuleDescriptor::isOpen (5 bytes)
Event: 0.168 Thread 0x00000273f6128d90 nmethod 71 0x00000273a4dd3b90 code [0x00000273a4dd3d20, 0x00000273a4dd3df0]

GC Heap History (0 events):
No events

Dll operation events (2 events):
Event: 0.012 Loaded shared library C:\Program Files\Java\jdk-22\bin\java.dll
Event: 0.106 Loaded shared library C:\Program Files\Java\jdk-22\bin\jsvml.dll

Deoptimization events (0 events):
No events

Classes loaded (16 events):
Event: 0.097 Loading class sun/nio/cs/UTF_8$Encoder
Event: 0.097 Loading class sun/nio/cs/UTF_8$Encoder done
Event: 0.151 Loading class jdk/internal/vm/PostVMInitHook
Event: 0.151 Loading class jdk/internal/vm/PostVMInitHook done
Event: 0.152 Loading class jdk/internal/loader/URLClassPath$FileLoader
Event: 0.152 Loading class jdk/internal/loader/URLClassPath$FileLoader done
Event: 0.152 Loading class sun/nio/cs/UTF_8$Decoder
Event: 0.152 Loading class sun/nio/cs/UTF_8$Decoder done
Event: 0.155 Loading class jdk/internal/loader/URLClassPath$FileLoader$1
Event: 0.156 Loading class jdk/internal/loader/URLClassPath$FileLoader$1 done
Event: 0.158 Loading class java/lang/IllegalAccessException
Event: 0.158 Loading class java/lang/IllegalAccessException done
Event: 0.160 Loading class sun/misc/Unsafe
Event: 0.161 Loading class sun/misc/Unsafe done
Event: 0.165 Loading class java/lang/invoke/DirectMethodHandle$StaticAccessor
Event: 0.165 Loading class java/lang/invoke/DirectMethodHandle$StaticAccessor done

Classes unloaded (0 events):
No events

Classes redefined (0 events):
No events

Internal exceptions (0 events):
No events

ZGC Phase Switch (0 events):
No events

VM Operations (0 events):
No events

Events (11 events):
Event: 0.037 Thread 0x0000027392eb6000 Thread added: 0x0000027392eb6000
Event: 0.100 Thread 0x00000273b0fa06d0 Thread added: 0x00000273b0fa06d0
Event: 0.101 Thread 0x00000273b0fa1160 Thread added: 0x00000273b0fa1160
Event: 0.101 Thread 0x00000273b0fa1a50 Thread added: 0x00000273b0fa1a50
Event: 0.101 Thread 0x00000273b0fa20c0 Thread added: 0x00000273b0fa20c0
Event: 0.102 Thread 0x00000273b0fa8750 Thread added: 0x00000273b0fa8750
Event: 0.102 Thread 0x00000273b0fa8dc0 Thread added: 0x00000273b0fa8dc0
Event: 0.102 Thread 0x00000273b0fab770 Thread added: 0x00000273b0fab770
Event: 0.103 Thread 0x00000273f6128d90 Thread added: 0x00000273f6128d90
Event: 0.151 Thread 0x00000273f623b4e0 Thread added: 0x00000273f623b4e0
Event: 0.157 Thread 0x00000273f623f390 Thread added: 0x00000273f623f390


Dynamic libraries:
0x00007ff609190000 - 0x00007ff60919e000 	C:\Program Files\Java\jdk-22\bin\javaw.exe
0x00007ff9955f0000 - 0x00007ff9957e8000 	C:\WINDOWS\SYSTEM32\ntdll.dll
0x00007ff994740000 - 0x00007ff9947ff000 	C:\WINDOWS\System32\KERNEL32.DLL
0x00007ff992f10000 - 0x00007ff9931e2000 	C:\WINDOWS\System32\KERNELBASE.dll
0x00007ff98d0a0000 - 0x00007ff98d131000 	C:\WINDOWS\SYSTEM32\apphelp.dll
0x00007ff992da0000 - 0x00007ff992ea0000 	C:\WINDOWS\System32\ucrtbase.dll
0x00007ff9822d0000 - 0x00007ff9822eb000 	C:\Program Files\Java\jdk-22\bin\VCRUNTIME140.dll
0x00007ff981f80000 - 0x00007ff981f97000 	C:\Program Files\Java\jdk-22\bin\jli.dll
0x00007ff9937c0000 - 0x00007ff993961000 	C:\WINDOWS\System32\USER32.dll
0x00007ff992ce0000 - 0x00007ff992d02000 	C:\WINDOWS\System32\win32u.dll
0x00007ff993b80000 - 0x00007ff993bab000 	C:\WINDOWS\System32\GDI32.dll
0x00007ff97cba0000 - 0x00007ff97ce3a000 	C:\WINDOWS\WinSxS\amd64_microsoft.windows.common-controls_6595b64144ccf1df_6.0.19041.1110_none_60b5254171f9507e\COMCTL32.dll
0x00007ff993520000 - 0x00007ff99362f000 	C:\WINDOWS\System32\gdi32full.dll
0x00007ff993450000 - 0x00007ff9934ed000 	C:\WINDOWS\System32\msvcp_win.dll
0x00007ff9945e0000 - 0x00007ff99467e000 	C:\WINDOWS\System32\msvcrt.dll
0x00007ff994700000 - 0x00007ff994732000 	C:\WINDOWS\System32\IMM32.DLL
0x00007ff98b160000 - 0x00007ff98b16c000 	C:\Program Files\Java\jdk-22\bin\vcruntime140_1.dll
0x00007ff956200000 - 0x00007ff95628e000 	C:\Program Files\Java\jdk-22\bin\msvcp140.dll
0x00007ff8e92d0000 - 0x00007ff8ea018000 	C:\Program Files\Java\jdk-22\bin\server\jvm.dll
0x00007ff995500000 - 0x00007ff9955ae000 	C:\WINDOWS\System32\ADVAPI32.dll
0x00007ff993630000 - 0x00007ff9936cc000 	C:\WINDOWS\System32\sechost.dll
0x00007ff9952a0000 - 0x00007ff9953c5000 	C:\WINDOWS\System32\RPCRT4.dll
0x00007ff993f70000 - 0x00007ff993fdb000 	C:\WINDOWS\System32\WS2_32.dll
0x00007ff992aa0000 - 0x00007ff992aeb000 	C:\WINDOWS\SYSTEM32\POWRPROF.dll
0x00007ff986e80000 - 0x00007ff986e8a000 	C:\WINDOWS\SYSTEM32\VERSION.dll
0x00007ff97ce40000 - 0x00007ff97ce67000 	C:\WINDOWS\SYSTEM32\WINMM.dll
0x00007ff992a80000 - 0x00007ff992a92000 	C:\WINDOWS\SYSTEM32\UMPDC.dll
0x00007ff990bd0000 - 0x00007ff990be2000 	C:\WINDOWS\SYSTEM32\kernel.appcore.dll
0x00007ff98ac30000 - 0x00007ff98ac3a000 	C:\Program Files\Java\jdk-22\bin\jimage.dll
0x00007ff98d230000 - 0x00007ff98d414000 	C:\WINDOWS\SYSTEM32\DBGHELP.DLL
0x00007ff979e40000 - 0x00007ff979e75000 	C:\WINDOWS\SYSTEM32\dbgcore.DLL
0x00007ff992d10000 - 0x00007ff992d92000 	C:\WINDOWS\System32\bcryptPrimitives.dll
0x00007ff981f30000 - 0x00007ff981f4e000 	C:\Program Files\Java\jdk-22\bin\java.dll
0x00007ff9948e0000 - 0x00007ff995024000 	C:\WINDOWS\System32\SHELL32.dll
0x00007ff9953d0000 - 0x00007ff9954fa000 	C:\WINDOWS\System32\ole32.dll
0x00007ff993bb0000 - 0x00007ff993f05000 	C:\WINDOWS\System32\combase.dll
0x00007ff990d60000 - 0x00007ff9914f2000 	C:\WINDOWS\SYSTEM32\windows.storage.dll
0x00007ff992580000 - 0x00007ff9925b0000 	C:\WINDOWS\SYSTEM32\Wldp.dll
0x00007ff995040000 - 0x00007ff9950ed000 	C:\WINDOWS\System32\SHCORE.dll
0x00007ff993760000 - 0x00007ff9937b5000 	C:\WINDOWS\System32\shlwapi.dll
0x00007ff992c20000 - 0x00007ff992c3f000 	C:\WINDOWS\SYSTEM32\profapi.dll
0x00007ff954c90000 - 0x00007ff954d67000 	C:\Program Files\Java\jdk-22\bin\jsvml.dll

dbghelp: loaded successfully - version: 4.0.5 - missing functions: none
symbol engine: initialized successfully - sym options: 0x614 - pdb path: .;C:\Program Files\Java\jdk-22\bin;C:\WINDOWS\SYSTEM32;C:\WINDOWS\WinSxS\amd64_microsoft.windows.common-controls_6595b64144ccf1df_6.0.19041.1110_none_60b5254171f9507e;C:\Program Files\Java\jdk-22\bin\server

VM Arguments:
jvm_args: -Dfile.encoding=UTF-8 -Dstdout.encoding=UTF-8 -Dstderr.encoding=UTF-8 -XX:+ShowCodeDetailsInExceptionMessages 
java_command: net.ptidej.newjava.saferunsafe.Example1
java_class_path (initial): D:\Documents\Tutorials\220926 - New Java\Workspace\JEP-471 - Deprecate the Memory-Access Methods in sun.misc.Unsafe for Removal\bin
Launcher Type: SUN_STANDARD

[Global flags]
     intx CICompilerCount                          = 3                                         {product} {ergonomic}
     uint ConcGCThreads                            = 1                                         {product} {ergonomic}
     uint G1ConcRefinementThreads                  = 4                                         {product} {ergonomic}
   size_t G1HeapRegionSize                         = 1048576                                   {product} {ergonomic}
   size_t InitialHeapSize                          = 134217728                                 {product} {ergonomic}
   size_t MarkStackSize                            = 4194304                                   {product} {ergonomic}
   size_t MaxHeapSize                              = 2116026368                                {product} {ergonomic}
   size_t MaxNewSize                               = 1268776960                                {product} {ergonomic}
   size_t MinHeapDeltaBytes                        = 1048576                                   {product} {ergonomic}
   size_t MinHeapSize                              = 8388608                                   {product} {ergonomic}
    uintx NonNMethodCodeHeapSize                   = 5832780                                {pd product} {ergonomic}
    uintx NonProfiledCodeHeapSize                  = 122912730                              {pd product} {ergonomic}
    uintx ProfiledCodeHeapSize                     = 122912730                              {pd product} {ergonomic}
    uintx ReservedCodeCacheSize                    = 251658240                              {pd product} {ergonomic}
     bool SegmentedCodeCache                       = true                                      {product} {ergonomic}
     bool ShowCodeDetailsInExceptionMessages       = true                                   {manageable} {command line}
   size_t SoftMaxHeapSize                          = 2116026368                             {manageable} {ergonomic}
     bool UseCompressedOops                        = true                           {product lp64_product} {ergonomic}
     bool UseG1GC                                  = true                                      {product} {ergonomic}
     bool UseLargePagesIndividualAllocation        = false                                  {pd product} {ergonomic}

Logging:
Log output configuration:
 #0: stdout all=warning uptime,level,tags foldmultilines=false
 #1: stderr all=off uptime,level,tags foldmultilines=false

Environment Variables:
JAVA_HOME=C:\Program Files\Java\jdk-21
PATH=C:/Eclipse//plugins/org.eclipse.justj.openjdk.hotspot.jre.full.win32.x86_64_21.0.4.v20240802-1551/jre/bin/server;C:/Eclipse//plugins/org.eclipse.justj.openjdk.hotspot.jre.full.win32.x86_64_21.0.4.v20240802-1551/jre/bin;C:\Program Files (x86)\VMware\VMware Player\bin\;C:\Program Files\Java\jdk-21\bin;C:\Users\Yann-Gal Guhneuc\AppData\Local\Programs\Python\Python312\Scripts;C:\Users\Yann-Gal Guhneuc\AppData\Local\Programs\Python\Python312;C:\Users\Yann-Gal Guhneuc\AppData\Local\Programs\PyPy;C:\Program Files (x86)\Intel\iCLS Client\;C:\Program Files\Intel\iCLS Client\;C:\WINDOWS\system32;C:\WINDOWS;C:\WINDOWS\System32\Wbem;C:\WINDOWS\System32\WindowsPowerShell\v1.0\;C:\Program Files (x86)\Intel\Intel(R) Management Engine Components\DAL;C:\Program Files\Intel\Intel(R) Management Engine Components\DAL;C:\Program Files (x86)\Intel\Intel(R) Management Engine Components\IPT;C:\Program Files\Intel\Intel(R) Management Engine Components\IPT;C:\Program Files\Intel\WiFi\bin\;C:\Program Files\Common Files\Intel\WirelessCommon\;C:\Program Files\dotnet\;C:\ProgramData\chocolatey\bin;C:\Maven\bin;C:\Users\Yann-Gal Guhneuc\AppData\Local\Programs\Python\Python312\Scripts\;C:\Users\Yann-Gal Guhneuc\AppData\Local\Programs\Python\Python312\;C:\Users\Yann-Gal Guhneuc\AppData\Local\Microsoft\WindowsApps;C:\Program Files\FFMPEG\bin;C:\Users\Yann-Gal Guhneuc\AppData\Local\Programs\MiKTeX\miktex\bin\x64\;C:\Eclipse;
USERNAME=Yann-Gal Guhneuc
OS=Windows_NT
PROCESSOR_IDENTIFIER=Intel64 Family 6 Model 142 Stepping 9, GenuineIntel
TMP=C:\Users\YANN-G~1\AppData\Local\Temp
TEMP=C:\Users\YANN-G~1\AppData\Local\Temp




Periodic native trim disabled

---------------  S Y S T E M  ---------------

OS:
 Windows 10 , 64 bit Build 19041 (10.0.19041.2364)
OS uptime: 14 days 23:36 hours
Hyper-V role detected

CPU: total 4 (initial active 4) (2 cores per cpu, 2 threads per core) family 6 model 142 stepping 9 microcode 0xf4, cx8, cmov, fxsr, ht, mmx, 3dnowpref, sse, sse2, sse3, ssse3, sse4.1, sse4.2, popcnt, lzcnt, tsc, tscinvbit, avx, avx2, aes, erms, clmul, bmi1, bmi2, adx, fma, vzeroupper, clflush, clflushopt, hv, rdtscp, f16c
Processor Information for all 4 processors :
  Max Mhz: 2712, Current Mhz: 2511, Mhz Limit: 2495

Memory: 4k page, system-wide physical 8067M (1178M free)
TotalPageFile size 20065M (AvailPageFile size 5134M)
current process WorkingSet (physical memory assigned to process): 35M, peak: 35M
current process commit charge ("private bytes"): 200M, peak: 200M

vm_info: OpenJDK 64-Bit Server VM (22+36-2370) for windows-amd64 JRE (22+36-2370), built on 2024-02-15T22:15:19Z by "mach5one" with MS VC++ 17.6 (VS2022)

END.
